ssh://root@10.176.28.12:10004/root/anaconda3/bin/python -u -m torch.distributed.launch --master_port 29999 --nproc_per_node=1 train.py -opt options/meiyan_resnet.yml -mode 0 --launcher pytorch
/root/anaconda3/lib/python3.8/site-packages/torch/distributed/launch.py:178: FutureWarning: The module torch.distributed.launch is deprecated
and will be removed in future. Use torchrun.
Note that --use_env is set by default in torchrun.
If your script expects `--local_rank` argument to be set, please
change it to read from `os.environ['LOCAL_RANK']` instead. See
https://pytorch.org/docs/stable/distributed.html#launch-utility for
further instructions

  warnings.warn(
Opt List: OrderedDict([('gpu_ids', [3]), ('restart_step', 1000), ('model_save_period', 2000), ('train', OrderedDict([('lr_CNN', 0.0002), ('lr_transformer', 5e-05), ('beta1', 0.9), ('beta2', 0.999)])), ('simulated_resize_indices', [0]), ('simulated_gblur_indices', [1]), ('simulated_mblur_indices', [2]), ('simulated_AWGN_indices', [3]), ('simulated_strong_JPEG_indices', [4]), ('simulated_weak_JPEG_indices', [5]), ('minimum_PSNR_caused_by_attack', 25), ('network_arch', 'resnet'), ('model_load_number', 'Epoch30_833999_ViT.pth'), ('conduct_train', False), ('conduct_test', True), ('test_save_checkpoint', False), ('operations_list', ['single']), ('task_name', 'baseline_resnet_512'), ('with_dual_process', False), ('datasets', OrderedDict([('train', OrderedDict([('name', 'Rerun'), ('mode', 'LQGT'), ('dataroot_GT', '/groupshare/ISP_results/xxhu_test/UNet/FORGERY_0'), ('dataroot_LQ', '/groupshare/ISP_results/xxhu_test/UNet/MASK'), ('use_shuffle', True), ('n_workers', 2), ('batch_size', 8), ('GT_size', 512), ('color', 'RGB')])), ('val', OrderedDict([('name', 'val_DIV2K'), ('mode', 'LQGT'), ('dataroot_GT', '/groupshare/ISP_results/xxhu_test/UNet/FORGERY_0'), ('dataroot_LQ', '/groupshare/ISP_results/xxhu_test/UNet/MASK'), ('GT_size', 512)]))]))])
export CUDA_VISIBLE_DEVICES=3
Enables distributed training.
world: 1,rank: 0,num_gpus:1
Random seed: 104
train Samples:220988
test Samples:89106
World size: 1
Batch size: 8
Number of train images: 220,988, iters: 27,624
Number of val images: 89,106, iters: 89,106
classes: [4, 4, 4, 4]
 --- Focal_loss alpha = 0.5 ,将对背景类进行衰减,请在目标检测任务中使用 ---
resnet models created. method: meiyan
Loading models for class [/groupshare/meiyan_detection_results/models/baseline_resnet_512/Epoch30_833999_ViT.pth] ...
Staring epoch 0...
tensor([[  5.8585,  -4.1775,  -3.8296,  -4.9160],
        [  1.4277,  -0.5866,  -0.8880,  -1.1824],
        [ -1.4373,   1.9266,  -6.1726,  -9.0214],
        [  4.1090,  -1.5756,  -1.6144,  -1.5693],
        [-10.2406,  -5.2579,  -0.8311,  -4.0718],
        [  1.0670,  -5.0998,  -3.9677,  -4.9503],
        [ -1.4693,  -0.2150,  -1.0491,  -3.0433],
        [  3.2232,  -6.3677,  -5.5503,  -6.2067]], device='cuda:0')
tensor([0, 0, 1, 0, 2, 0, 1, 0], device='cuda:0')
tensor([[  4.8094,  -4.5348,  -4.9479,  -4.9155],
        [  1.3127,  -0.6046,  -0.9134,  -1.2156],
        [  1.4702,  -7.7611,  -3.9501,  -3.9221],
        [  3.8558,  -1.2208,  -1.6613,  -1.8630],
        [  1.1518,  -5.0168,  -4.6824,  -5.0332],
        [ -4.9989,   2.3843,  -4.1876, -10.0081],
        [  1.2638,  -1.5399,  -1.7253,  -2.3570],
        [-10.6832,  -2.3168,  -1.7814,  -8.5787]], device='cuda:0')
tensor([0, 0, 0, 0, 0, 1, 0, 2], device='cuda:0')
tensor([[12.4453, -3.1545, -1.8038, -2.3538],
        [-1.8350, -0.2724, -0.2305, -0.2770],
        [ 9.2860, -3.9375, -4.5484, -3.8213],
        [-7.2068, -0.2321, -0.1677, -0.2483],
        [ 8.8947, -3.2934, -3.7759, -3.7718],
        [ 3.0838, -3.1628, -2.8869, -3.0747],
        [-0.6229, -0.8603, -1.1358, -0.9699],
        [ 8.8784, -4.1592, -4.3791, -3.9295]], device='cuda:0')
tensor([0, 2, 0, 1, 0, 0, 0, 0], device='cuda:0')
tensor([[-16.4601,  -3.6405,   1.0914,   0.5078],
        [  1.4683,  -0.3082,  -0.5777,  -1.7389],
        [  9.0595,  -1.8928,  -4.5663,  -9.9230],
        [  4.7598,  -1.0309,  -1.5381,  -2.8913],
        [ 12.6416,  -0.5142,  -5.5451, -14.4393],
        [ 13.5442,   1.9403,  -5.9259, -15.2906],
        [  5.8943,   1.1929,  -2.3196,  -7.3417],
        [ 11.8386,  -0.6782,  -5.9372, -15.0712]], device='cuda:0')
tensor([2, 0, 0, 0, 0, 0, 0, 0], device='cuda:0')
[1, 2 0 0 0.0002] lr: 0.0002 A_0: 1.0000 l_0: 0.0359 l_0_CE: 0.1185 A_1: 1.0000 l_1: 0.0269 l_1_CE: 0.1139 A_2: 1.0000 l_2: 0.1429 l_2_CE: 0.4235 A_3: 1.0000 l_3: 0.0148 l_3_CE: 0.0944 Overall: 1.0000 time per sample 0.0156 s
tensor([[  8.5570,  -9.1478,  -6.8606,  -8.2192],
        [-18.5195, -13.6898,  -0.6513, -10.2591],
        [  4.4272,  -9.8894,  -6.5854,  -7.8205],
        [  3.6863,  -3.0592,  -2.9015,  -3.6540],
        [ -8.3953,  -5.4975,  -3.2248,  -0.9639],
        [  3.4164,  -4.1968,  -2.9258,  -3.8854],
        [  5.8665,  -3.0257,  -3.1981,  -4.3590],
        [  0.5124,  -2.0511,  -1.7188,  -2.1445]], device='cuda:0')
tensor([0, 2, 0, 0, 3, 0, 0, 0], device='cuda:0')
tensor([[-11.2554,  -3.4426,  -2.0125, -10.1387],
        [  3.4280, -12.3926,  -9.0041, -10.8134],
        [-10.4387,  -6.0733,  -1.7586, -10.6115],
        [  2.8165,  -3.6724,  -3.5992,  -3.4424],
        [  1.0782,  -5.0624,  -4.5069,  -4.4934],
        [ -5.2615,  -4.4375,  -0.8499,  -1.9937],
        [  5.1215,  -3.6339,  -3.8061,  -4.1485],
        [  0.2261,  -2.1686,  -2.0116,  -2.3193]], device='cuda:0')
tensor([2, 0, 2, 0, 0, 3, 0, 0], device='cuda:0')
tensor([[14.1647, -6.0177, -5.9420, -6.0799],
        [16.7803, -7.5162, -8.7303, -8.7648],
        [11.2167, -5.8360, -5.8963, -6.0077],
        [10.3180, -2.4831, -1.5114, -1.9477],
        [ 7.2878, -2.8964, -3.1489, -3.2855],
        [ 7.2822, -2.6478, -2.5549, -2.8963],
        [12.0742, -2.8005, -1.5813, -2.1235],
        [ 4.7052, -1.2187, -0.9313, -1.0063]], device='cuda:0')
tensor([0, 0, 0, 0, 0, 0, 0, 0], device='cuda:0')
tensor([[ 15.3250,  -3.6240,  -7.7139, -12.5621],
        [ 23.7607,  -2.0352, -11.0795, -23.4454],
        [ 16.2036,  -2.3162,  -8.2831, -14.7274],
        [-11.8467,  -5.3341,   0.7394,   3.3682],
        [ 12.0779,   2.2070,  -5.6836, -16.7536],
        [  8.1615,  -1.6804,  -3.8419,  -6.2074],
        [-14.3283,  -5.0784,   1.1136,   4.1023],
        [ -1.8669,  -0.2459,  -0.8381,  -3.8501]], device='cuda:0')
tensor([0, 0, 0, 3, 0, 0, 3, 1], device='cuda:0')
[1, 3 8 0 0.0002] lr: 0.0002 A_0: 1.0000 l_0: 0.0197 l_0_CE: 0.0807 A_1: 1.0000 l_1: 0.0511 l_1_CE: 0.1781 A_2: 1.0000 l_2: 0.0714 l_2_CE: 0.2123 A_3: 1.0000 l_3: 0.0155 l_3_CE: 0.0906 Overall: 1.0000 time per sample 0.0001 s
tensor([[  0.6500,  -2.9695,  -2.5617,  -2.8536],
        [ -0.2253,  -2.0248,  -1.5218,  -1.5545],
        [  2.2717,  -1.8198,  -1.6293,  -1.5814],
        [  1.7043,  -1.0758,  -1.0913,  -1.4518],
        [  6.3337,  -4.4747,  -4.2640,  -5.1798],
        [  5.0120,  -8.3794,  -6.4377,  -8.1851],
        [-14.6927,  -8.6200,  -1.5902,   0.7659],
        [  8.1783, -10.3086,  -7.9618, -10.2374]], device='cuda:0')
tensor([0, 0, 0, 0, 0, 0, 3, 0], device='cuda:0')
tensor([[  0.7459,  -3.2474,  -2.8704,  -3.5156],
        [  0.4951,  -2.1888,  -1.5621,  -2.2685],
        [  1.8373,  -1.4679,  -1.6399,  -1.9259],
        [  1.7404,  -1.1957,  -1.1935,  -1.4459],
        [  5.4335,  -4.8602,  -5.4715,  -5.2476],
        [ -6.4265,   6.6186,  -6.9514, -17.9128],
        [  3.1599,  -5.9894,  -4.9134,  -5.0703],
        [-11.0291,   6.4373,  -6.0197, -20.0506]], device='cuda:0')
tensor([0, 0, 0, 0, 0, 1, 0, 1], device='cuda:0')
tensor([[ 4.8646, -1.7622, -1.2729, -1.4797],
        [-0.7428, -0.8689, -0.7265, -0.8428],
        [-3.8412, -0.4788, -0.3214, -0.4179],
        [ 0.0310, -0.5588, -0.4703, -0.5604],
        [14.1215, -3.4682, -2.0213, -2.6505],
        [ 7.5714, -5.4931, -4.8936, -5.1556],
        [10.3822, -3.7119, -4.5276, -4.9520],
        [11.0445, -6.8697, -6.4816, -6.5480]], device='cuda:0')
tensor([0, 3, 1, 3, 0, 0, 0, 0], device='cuda:0')
tensor([[-2.2626e+00,  1.0022e-02, -1.3027e+00, -5.7246e+00],
        [ 2.2055e+00,  2.1389e-01, -1.4898e+00, -4.4061e+00],
        [ 5.5359e+00,  3.0545e-01, -2.2174e+00, -5.8882e+00],
        [ 6.2061e-01, -1.1509e+00, -6.4634e-01, -8.7893e-01],
        [-1.7267e+01, -4.2065e+00,  1.2212e+00,  6.9313e-01],
        [ 1.6344e+01,  1.1044e+00, -7.6432e+00, -2.0262e+01],
        [ 1.4350e+01, -1.7912e+00, -5.6367e+00, -1.2965e+01],
        [ 2.1804e+01,  1.1196e-01, -9.9754e+00, -2.2044e+01]], device='cuda:0')
tensor([1, 0, 0, 0, 1, 0, 0, 0], device='cuda:0')
[1, 4 16 0 0.0002] lr: 0.0002 A_0: 1.0000 l_0: 0.0186 l_0_CE: 0.0924 A_1: 1.0000 l_1: 0.0356 l_1_CE: 0.1401 A_2: 0.9583 l_2: 0.1139 l_2_CE: 0.3172 A_3: 1.0000 l_3: 0.1394 l_3_CE: 0.3473 Overall: 0.9583 time per sample 0.0001 s
tensor([[  1.0904,  -2.4645,  -2.9690,  -3.5993],
        [-13.7958,  -8.9940,  -4.2181,  -0.3537],
        [  6.2867,  -6.4735,  -5.4222,  -6.7513],
        [  2.8750, -10.4081,  -7.9244,  -8.6191],
        [  4.8710,  -3.5464,  -3.5210,  -4.7488],
        [  6.5344,  -5.4322,  -5.4327,  -6.9628],
        [  2.5587,  -0.9742,  -1.1109,  -1.1831],
        [ 10.5251,  -8.7501,  -7.6481,  -9.2050]], device='cuda:0')
tensor([0, 3, 0, 0, 0, 0, 0, 0], device='cuda:0')
tensor([[ -2.9160,  -0.3825,  -2.5717,  -5.0196],
        [  2.0295,  -7.7043,  -6.1577,  -6.3479],
        [  4.0272,  -2.8523,  -4.7639,  -9.9896],
        [-13.7872, -12.9276,  -0.1694,  -8.0087],
        [  3.9454,  -4.3237,  -4.4188,  -4.3924],
        [ 12.1975,  -7.1747,  -7.6289,  -5.6408],
        [  2.2551,  -0.8513,  -1.1132,  -1.3054],
        [ 14.5014,  -6.3155,  -8.8181, -11.6500]], device='cuda:0')
tensor([1, 0, 0, 2, 0, 0, 0, 0], device='cuda:0')
tensor([[ 2.4144, -1.9838, -1.8846, -1.7883],
        [11.0596, -4.4126, -5.0957, -5.3256],
        [ 9.7089, -4.2421, -4.0056, -4.4580],
        [10.8628, -6.6229, -7.5202, -7.4218],
        [12.6595, -3.1276, -1.9088, -2.5379],
        [ 9.8019, -3.8522, -3.2259, -4.2951],
        [-3.7054, -0.2449, -0.1763, -0.2320],
        [14.4366, -5.5588, -4.9014, -5.9652]], device='cuda:0')
tensor([0, 0, 0, 0, 0, 0, 2, 0], device='cuda:0')
tensor([[  5.5403,   0.6127,  -3.0424,  -8.9622],
        [ 18.3935,   1.5928,  -8.0366, -22.2601],
        [ 12.7522,  -2.2112,  -6.4210, -11.2862],
        [ 21.3345,  -2.5132, -10.2548, -17.6738],
        [-14.4191,  -6.8886,   0.7285,   4.9530],
        [ 10.2391,  -2.0429,  -6.2606, -11.1983],
        [  1.9800,  -1.1124,  -0.6823,  -1.1098],
        [ 18.2322,  -3.1796,  -9.5465, -15.4332]], device='cuda:0')
tensor([0, 0, 0, 0, 3, 0, 0, 0], device='cuda:0')
[1, 5 24 0 0.0002] lr: 0.0002 A_0: 1.0000 l_0: 0.0141 l_0_CE: 0.0740 A_1: 1.0000 l_1: 0.0274 l_1_CE: 0.1141 A_2: 0.9688 l_2: 0.0964 l_2_CE: 0.2725 A_3: 1.0000 l_3: 0.1048 l_3_CE: 0.2658 Overall: 0.9688 time per sample 0.0001 s
tensor([[-12.4461,  -7.2910,   0.3254,  -7.5316],
        [  2.5250,  -2.9139,  -2.6403,  -3.4901],
        [  2.5921,  -3.4114,  -3.2613,  -3.8051],
        [-11.2910,  -7.9271,  -1.9441,  -0.4490],
        [ -9.5009,  -4.1868,   0.0930,  -5.4289],
        [  4.1934,  -7.1688,  -4.8047,  -6.0186],
        [  3.3984,  -2.9639,  -2.7444,  -3.8331],
        [  1.7254,  -1.0196,  -1.1120,  -1.4314]], device='cuda:0')
tensor([2, 0, 0, 3, 2, 0, 0, 0], device='cuda:0')
tensor([[  1.2130,  -6.2227,  -5.5904,  -6.8141],
        [  1.9660,  -3.6432,  -3.1994,  -3.1516],
        [  1.9879,  -3.5251,  -3.9194,  -4.0958],
        [  4.6103,  -7.1142,  -4.6649,  -4.6844],
        [  2.4905,  -4.8478,  -4.0939,  -4.7767],
        [ -5.6904,   4.3483,  -3.2741, -14.0455],
        [  0.0726,  -2.2632,  -2.3220,  -3.1556],
        [  1.5565,  -1.2529,  -1.1827,  -1.3584]], device='cuda:0')
tensor([0, 0, 0, 0, 0, 1, 3, 0], device='cuda:0')
tensor([[12.6839, -4.7931, -5.9387, -5.5929],
        [ 9.8537, -2.2509, -1.6163, -1.8693],
        [ 8.1412, -2.2021, -1.4993, -1.7219],
        [15.9403, -4.1867, -4.6958, -5.2070],
        [10.5873, -3.3319, -4.2695, -4.0212],
        [ 9.8365, -4.4977, -4.4631, -4.5378],
        [ 6.6056, -2.1319, -1.9277, -2.2026],
        [-1.3465, -0.4974, -0.4102, -0.4955]], device='cuda:0')
tensor([0, 0, 0, 0, 0, 0, 0, 2], device='cuda:0')
tensor([[ 15.2557,  -1.4808,  -6.4390, -15.2113],
        [ -8.4579,  -4.6967,   0.2395,   1.9049],
        [ -6.0206,   0.8191,  -0.9028,  -7.5259],
        [  7.0577,  -5.6861,  -4.0580,  -5.1054],
        [ 11.1467,  -2.0880,  -4.5784,  -9.5765],
        [ 14.9559,  -1.2187,  -6.3101, -11.8487],
        [  6.5367,  -0.7928,  -3.1981,  -6.4518],
        [  0.4416,  -1.5329,  -0.4310,  -0.3773]], device='cuda:0')
tensor([0, 3, 1, 0, 0, 0, 0, 0], device='cuda:0')
[1, 6 32 0 0.0002] lr: 0.0002 A_0: 1.0000 l_0: 0.0120 l_0_CE: 0.0692 A_1: 0.9750 l_1: 0.0637 l_1_CE: 0.1820 A_2: 0.9750 l_2: 0.0872 l_2_CE: 0.2473 A_3: 1.0000 l_3: 0.0889 l_3_CE: 0.2385 Overall: 0.9500 time per sample 0.0004 s
tensor([[  2.3847,  -1.8672,  -2.1002,  -3.1400],
        [  3.9130,  -1.4527,  -1.6159,  -1.8025],
        [  0.7952,  -1.7388,  -1.5837,  -1.7527],
        [  4.3341,  -9.8897,  -7.0575,  -8.3930],
        [  4.4930,  -7.0984,  -8.3049,  -9.3947],
        [  4.1591,  -3.2599,  -3.1735,  -4.1997],
        [-10.0245,  -5.0783,  -1.0470,   0.2325],
        [  2.3076,  -7.0545,  -4.8777,  -5.6075]], device='cuda:0')
tensor([0, 0, 0, 0, 0, 0, 3, 0], device='cuda:0')
tensor([[  2.1141,  -2.3810,  -2.6239,  -2.8216],
        [  3.4809,  -0.5186,  -1.7358,  -2.5437],
        [  0.6654,  -1.7131,  -1.8668,  -2.1401],
        [-16.5850, -10.0342,   0.8804,  -7.8878],
        [ -9.0813, -17.1328,  -7.7701,   4.5318],
        [  3.3273,  -3.5677,  -3.7774,  -4.1058],
        [  1.7713,  -4.3168,  -2.9897,  -3.1275],
        [ -7.6128,  -3.4483,  -0.6898,  -9.4386]], device='cuda:0')
tensor([0, 0, 0, 2, 3, 0, 0, 2], device='cuda:0')
tensor([[ 6.6365, -1.7101, -1.2317, -1.4207],
        [-6.6204, -0.3490, -0.3004, -0.3857],
        [ 2.3952, -0.8884, -0.6565, -0.7317],
        [15.6233, -6.4000, -6.9761, -6.8744],
        [12.3239, -6.7464, -5.9703, -7.4572],
        [ 9.2721, -2.4766, -1.7122, -2.0530],
        [ 7.1461, -2.3853, -2.9981, -3.1954],
        [ 5.5642, -3.9551, -4.3305, -4.1730]], device='cuda:0')
tensor([0, 1, 0, 0, 0, 0, 0, 0], device='cuda:0')
tensor([[ -6.7534,  -3.6204,   0.2999,   1.7346],
        [  4.3103,  -1.0160,  -1.3779,  -2.5685],
        [ -0.4650,   1.0056,  -1.0957,  -5.3219],
        [ 20.4670,  -2.0386,  -9.6482, -17.6785],
        [ 11.3576,  -3.9517,  -7.6122, -13.3520],
        [ -8.3537,  -1.9149,  -0.1774,  -2.2795],
        [  9.7433,  -1.1306,  -3.8923,  -8.6324],
        [ 16.6383,  -0.2357,  -7.1218, -14.9501]], device='cuda:0')
tensor([2, 0, 1, 0, 0, 2, 0, 0], device='cuda:0')
[1, 7 40 0 0.0002] lr: 0.0002 A_0: 1.0000 l_0: 0.0111 l_0_CE: 0.0684 A_1: 0.9792 l_1: 0.0536 l_1_CE: 0.1588 A_2: 0.9792 l_2: 0.0805 l_2_CE: 0.2316 A_3: 1.0000 l_3: 0.0894 l_3_CE: 0.2451 Overall: 0.9583 time per sample 0.0004 s
tensor([[  0.9392,  -0.6974,  -0.7770,  -0.9013],
        [  2.4862,  -1.4325,  -1.3934,  -1.3431],
        [ -3.8657,   3.9290,  -5.8231, -12.4622],
        [  4.5073, -13.0057, -10.0151, -11.2416],
        [  3.0007,  -1.7790,  -1.7623,  -1.7341],
        [  1.7068, -11.9640, -10.3556, -10.3776],
        [-13.9124,  -9.0875,   0.7109,  -6.6325],
        [  2.0994,  -2.2584,  -2.0472,  -2.9542]], device='cuda:0')
tensor([0, 0, 1, 0, 0, 0, 2, 0], device='cuda:0')
tensor([[  0.9463,  -0.4483,  -0.9006,  -1.2361],
        [  2.2281,  -1.2356,  -1.4227,  -1.6148],
        [  3.8132,  -7.7443,  -5.1906,  -5.0716],
        [-18.7512,  -8.0026,  -1.2732, -16.0374],
        [  2.7776,  -1.5069,  -1.8398,  -2.0863],
        [-10.1643, -17.2812,  -9.0577,  -3.8192],
        [  2.9968,  -6.5050,  -6.1909,  -7.3914],
        [  1.3168,  -2.3336,  -2.4986,  -2.8106]], device='cuda:0')
tensor([0, 0, 0, 2, 0, 3, 0, 0], device='cuda:0')
tensor([[-2.2910, -0.1986, -0.1501, -0.2150],
        [-5.1481, -0.2539, -0.1767, -0.2306],
        [12.2995, -4.9158, -6.0290, -4.8123],
        [18.0354, -8.8210, -9.5592, -9.1999],
        [-5.7599, -0.3460, -0.2881, -0.3088],
        [ 4.7213, -7.8683, -7.0358, -8.3038],
        [14.3797, -5.2613, -6.3822, -6.3811],
        [ 8.2450, -1.8382, -1.3747, -1.5166]], device='cuda:0')
tensor([1, 3, 0, 0, 2, 0, 0, 0], device='cuda:0')
tensor([[  2.1855,   0.1960,  -0.8161,  -2.7059],
        [  4.4307,   0.0905,  -1.6155,  -4.4881],
        [ 11.1095,  -4.9948,  -5.0246,  -8.2254],
        [ 27.5296,  -1.3197, -13.2581, -25.8281],
        [  5.2135,   0.5032,  -1.9790,  -5.9874],
        [ 18.7806,  -3.9497, -10.4201, -19.2801],
        [ 15.6189,  -2.9874,  -6.8285, -13.4859],
        [ -6.9117,  -2.8732,   0.3749,   1.0880]], device='cuda:0')
tensor([0, 0, 0, 0, 0, 0, 0, 2], device='cuda:0')
[1, 8 48 0 0.0002] lr: 0.0002 A_0: 1.0000 l_0: 0.0109 l_0_CE: 0.0684 A_1: 0.9821 l_1: 0.0473 l_1_CE: 0.1468 A_2: 0.9821 l_2: 0.0890 l_2_CE: 0.2581 A_3: 1.0000 l_3: 0.0837 l_3_CE: 0.2338 Overall: 0.9643 time per sample 0.0012 s
tensor([[ 0.1379, -1.9621, -1.6606, -1.8499],
        [ 4.0544, -2.3807, -2.3335, -2.4926],
        [ 4.1632, -6.5124, -5.9157, -7.2012],
        [ 4.1555, -2.9450, -3.4868, -4.6611],
        [ 2.4731, -2.4209, -2.4754, -3.5288],
        [ 2.9691, -2.3887, -2.4666, -3.1587],
        [-1.2521, -2.2648, -1.8885, -3.2767],
        [ 0.7307, -0.6542, -0.7588, -1.0519]], device='cuda:0')
tensor([0, 0, 0, 0, 0, 0, 0, 0], device='cuda:0')
tensor([[  0.3179,  -2.1164,  -1.8264,  -2.2909],
        [  3.3059,  -1.9281,  -1.9843,  -3.4115],
        [ -8.4415, -11.2850,  -3.8384,   0.3099],
        [  3.5157,  -3.0514,  -4.2446,  -4.7570],
        [  1.3241,  -2.8448,  -2.7627,  -3.1699],
        [  1.8681,  -2.8191,  -2.8046,  -2.7742],
        [  2.1624,  -3.5628,  -2.8530,  -3.3349],
        [  0.5280,  -0.7233,  -0.8131,  -1.0153]], device='cuda:0')
tensor([0, 0, 3, 0, 0, 0, 0, 0], device='cuda:0')
tensor([[ 1.5955, -0.9782, -0.7576, -0.8882],
        [-4.2880, -0.9230, -0.7712, -0.7936],
        [12.7630, -4.9917, -4.5501, -5.4558],
        [10.0461, -2.5662, -1.7152, -1.9927],
        [ 8.5294, -2.0239, -1.5104, -1.6878],
        [ 5.6126, -1.7528, -1.1906, -1.4376],
        [ 5.5110, -2.0487, -1.8565, -2.0786],
        [ 0.4865, -0.4040, -0.3169, -0.3936]], device='cuda:0')
tensor([0, 2, 0, 0, 0, 0, 0, 2], device='cuda:0')
tensor([[  1.2513,   0.8775,  -1.5746,  -5.5974],
        [  3.6099,  -1.0199,  -1.9770,  -4.4560],
        [ 10.6601,  -2.8277,  -6.2859, -11.4194],
        [ -9.5021,  -0.1623,   0.0242,  -4.6155],
        [ -6.4914,  -3.2443,   0.0209,   0.0857],
        [ -4.9576,  -3.3652,  -0.3591,  -0.1148],
        [ -1.5755,  -2.2114,  -1.0760,  -2.2980],
        [  0.5346,  -0.2651,  -0.4405,  -1.5632]], device='cuda:0')
tensor([1, 0, 0, 1, 2, 2, 2, 0], device='cuda:0')
[1, 9 56 0 0.0002] lr: 0.0002 A_0: 1.0000 l_0: 0.0146 l_0_CE: 0.0847 A_1: 0.9844 l_1: 0.0437 l_1_CE: 0.1429 A_2: 0.9688 l_2: 0.0938 l_2_CE: 0.2713 A_3: 0.9844 l_3: 0.0939 l_3_CE: 0.2796 Overall: 0.9375 time per sample 0.0003 s
tensor([[ 1.0568, -0.4724, -1.5518, -2.5316],
        [ 1.6303, -2.7860, -2.5636, -2.9079],
        [ 2.5486, -0.9925, -1.1532, -1.2279],
        [ 2.5880, -3.5109, -2.9686, -3.9222],
        [ 3.7146, -0.8411, -2.4227, -3.3741],
        [ 4.8983, -7.3440, -5.7747, -7.7005],
        [ 2.6130, -1.0903, -1.2183, -1.2888],
        [ 3.4803, -1.7545, -1.6921, -1.7222]], device='cuda:0')
tensor([1, 0, 0, 0, 0, 0, 0, 0], device='cuda:0')
tensor([[  1.2933,  -0.3221,  -1.5434,  -3.2449],
        [  1.0429,  -2.8656,  -2.9903,  -3.1527],
        [  2.3911,  -0.8046,  -1.1792,  -1.4518],
        [  1.3463,  -3.8689,  -3.7018,  -3.7588],
        [  3.0536,  -0.7133,  -2.6467,  -3.5467],
        [ -8.4225,   4.8445,  -4.8876, -15.3906],
        [  2.3421,  -0.9259,  -1.2473,  -1.5083],
        [  3.6032,  -1.4784,  -1.7598,  -2.0910]], device='cuda:0')
tensor([0, 0, 0, 0, 0, 1, 0, 0], device='cuda:0')
tensor([[-0.6222, -0.7636, -0.6846, -0.6923],
        [ 5.0919, -1.5883, -1.0763, -1.2306],
        [-4.0860, -0.2202, -0.1669, -0.2172],
        [11.0579, -2.5830, -1.7463, -2.0729],
        [ 0.5650, -1.3056, -0.8865, -1.0879],
        [11.4809, -5.3908, -4.8466, -4.9929],
        [-3.9773, -0.2706, -0.1649, -0.2318],
        [-6.2433, -0.3419, -0.2247, -0.3515]], device='cuda:0')
tensor([0, 0, 3, 0, 0, 0, 2, 1], device='cuda:0')
tensor([[  1.8307,   1.2176,  -1.4432,  -5.0099],
        [ -3.2356,   1.4305,  -0.9372,  -7.6982],
        [  2.5045,  -0.5331,  -0.8447,  -2.1544],
        [-11.0129,  -5.1486,   0.6306,   1.7875],
        [ -2.4567,  -0.6524,  -0.4570,  -2.1947],
        [ 10.3700,  -1.6060,  -6.1398, -12.9626],
        [  2.5151,  -0.5174,  -1.0387,  -2.3617],
        [  6.0929,  -0.0390,  -2.2531,  -5.1215]], device='cuda:0')
tensor([0, 1, 0, 2, 1, 0, 0, 0], device='cuda:0')
[1, 10 64 0 0.0002] lr: 0.0002 A_0: 0.9861 l_0: 0.0236 l_0_CE: 0.1033 A_1: 0.9861 l_1: 0.0393 l_1_CE: 0.1342 A_2: 0.9722 l_2: 0.1066 l_2_CE: 0.3118 A_3: 0.9861 l_3: 0.0964 l_3_CE: 0.2918 Overall: 0.9306 time per sample 0.0011 s
tensor([[ 6.4231, -4.0127, -4.3666, -5.6946],
        [ 5.3109, -7.7058, -5.9461, -7.6412],
        [ 5.8046, -8.3563, -5.9842, -7.8326],
        [-1.3074, -2.3809, -1.2301, -1.7051],
        [ 2.1154, -1.3582, -1.3694, -1.4615],
        [ 7.3715, -6.5235, -5.9851, -7.2198],
        [ 1.9793, -0.8935, -0.9503, -0.9747],
        [ 2.6875, -4.8992, -4.2956, -5.1806]], device='cuda:0')
tensor([0, 0, 0, 3, 0, 0, 0, 0], device='cuda:0')
tensor([[ -7.4936,  -1.4132,  -1.8437,  -4.4449],
        [ -8.6450,  -7.1194,  -1.9245,  -6.6420],
        [ -7.7375,   5.0707,  -5.0436, -15.8286],
        [  3.5853,  -2.6563,  -2.1296,  -2.4468],
        [  1.9927,  -1.1941,  -1.4658,  -1.6691],
        [ 14.1898,  -7.2381,  -7.8068,  -7.6142],
        [  1.7787,  -0.7520,  -0.9534,  -1.1402],
        [  1.4586,  -5.6169,  -5.4806,  -5.0291]], device='cuda:0')
tensor([1, 2, 1, 0, 0, 0, 0, 0], device='cuda:0')
tensor([[ 7.9483, -3.2911, -3.0140, -3.1424],
        [13.9519, -5.1842, -5.2253, -5.5989],
        [ 7.4310, -5.4580, -5.1810, -5.5009],
        [ 6.4406, -1.4941, -1.5609, -1.8564],
        [-2.6636, -0.4316, -0.3197, -0.4197],
        [10.0659, -4.1045, -3.5854, -4.5340],
        [-3.6826, -0.1553, -0.1098, -0.1542],
        [12.9278, -3.3786, -2.1924, -2.6745]], device='cuda:0')
tensor([0, 0, 0, 0, 1, 0, 3, 0], device='cuda:0')
tensor([[  8.7556,  -0.4743,  -4.3352,  -9.7309],
        [ 13.2279,  -3.4274,  -6.9701, -10.8412],
        [ 17.6142,  -1.6254,  -7.5084, -14.7416],
        [  3.6229,  -2.0616,  -1.8771,  -2.3168],
        [  3.5085,  -0.3728,  -1.4174,  -3.5312],
        [ 13.5330,  -1.8301,  -7.2529, -13.5217],
        [  2.7231,  -0.4448,  -0.8855,  -2.1317],
        [-13.4888,  -5.3406,   0.4260,  -1.9403]], device='cuda:0')
tensor([0, 0, 0, 0, 0, 0, 0, 2], device='cuda:0')
[1, 11 72 0 0.0002] lr: 0.0002 A_0: 0.9875 l_0: 0.0289 l_0_CE: 0.1151 A_1: 0.9875 l_1: 0.0370 l_1_CE: 0.1312 A_2: 0.9750 l_2: 0.1057 l_2_CE: 0.3094 A_3: 0.9875 l_3: 0.0869 l_3_CE: 0.2651 Overall: 0.9375 time per sample 0.0003 s
tensor([[ -5.6943,   3.8182,  -9.9742, -15.7822],
        [ -1.3792,  -0.9721,  -0.7555,  -1.4175],
        [  4.0016,  -5.0593,  -4.2313,  -5.9919],
        [  1.5215,  -0.7349,  -0.7779,  -1.0784],
        [  2.7740,  -7.4065,  -5.1815,  -5.6180],
        [ -1.7653,   1.7547,  -6.0366,  -9.7720],
        [ -2.3807,  -1.1878,  -0.3351,  -2.5784],
        [  1.5765,  -5.4184,  -3.5640,  -4.3380]], device='cuda:0')
tensor([1, 2, 0, 0, 0, 1, 2, 0], device='cuda:0')
tensor([[  5.5233, -11.2421,  -9.3957,  -7.7486],
        [  0.6504,  -1.4677,  -1.5445,  -1.1607],
        [  2.1976,  -5.8731,  -5.2140,  -5.3604],
        [  1.6159,  -0.8044,  -0.8685,  -1.0275],
        [ -7.3895,  -4.2818,  -1.3997,  -8.4337],
        [  1.9146,  -6.9785,  -5.1353,  -4.4977],
        [  0.7954,  -2.0541,  -1.6063,  -1.6525],
        [ -8.3830,  -5.4572,  -0.6637,  -3.6129]], device='cuda:0')
tensor([0, 0, 0, 0, 2, 0, 0, 2], device='cuda:0')
tensor([[18.7795, -7.6917, -8.4949, -7.3014],
        [ 2.7961, -0.8847, -0.9069, -0.9917],
        [16.6866, -4.0176, -2.7613, -3.3587],
        [-2.3348, -0.2226, -0.2374, -0.2726],
        [ 8.4469, -4.2417, -4.3294, -4.3628],
        [11.2028, -4.2863, -4.6385, -3.9773],
        [ 3.2187, -1.1273, -1.4520, -1.3281],
        [ 5.2702, -2.9473, -2.9986, -3.2588]], device='cuda:0')
tensor([0, 0, 0, 1, 0, 0, 0, 0], device='cuda:0')
tensor([[ 13.0844,  -5.2697,  -7.6186, -15.1516],
        [  2.0247,  -0.7194,  -0.9800,  -2.7430],
        [-16.4761,  -8.5583,   0.7180,   4.7496],
        [  2.0877,  -0.7432,  -0.6977,  -1.1999],
        [ 14.7098,  -0.7870,  -6.7292, -13.4984],
        [  6.4981,  -2.8587,  -4.1955,  -9.5448],
        [  2.8121,  -0.4727,  -1.3297,  -3.6263],
        [ 11.1646,   0.5996,  -5.3360, -12.3881]], device='cuda:0')
tensor([0, 0, 3, 0, 0, 0, 0, 0], device='cuda:0')
[1, 50 384 0 0.0002] lr: 0.0002 A_0: 0.9847 l_0: 0.0348 l_0_CE: 0.1444 A_1: 0.9796 l_1: 0.0453 l_1_CE: 0.1621 A_2: 0.9362 l_2: 0.1393 l_2_CE: 0.3652 A_3: 0.9770 l_3: 0.1081 l_3_CE: 0.2929 Overall: 0.8929 time per sample 0.0248 s
[1, 100 784 0 0.0002] lr: 0.0002 A_0: 0.9798 l_0: 0.0392 l_0_CE: 0.1481 A_1: 0.9848 l_1: 0.0379 l_1_CE: 0.1441 A_2: 0.9419 l_2: 0.1408 l_2_CE: 0.3724 A_3: 0.9811 l_3: 0.1058 l_3_CE: 0.2878 Overall: 0.9028 time per sample 0.0321 s
[1, 150 1184 0 0.0002] lr: 0.0002 A_0: 0.9807 l_0: 0.0375 l_0_CE: 0.1437 A_1: 0.9857 l_1: 0.0336 l_1_CE: 0.1354 A_2: 0.9404 l_2: 0.1385 l_2_CE: 0.3682 A_3: 0.9773 l_3: 0.1071 l_3_CE: 0.2903 Overall: 0.9018 time per sample 0.0312 s
[1, 200 1584 0 0.0002] lr: 0.0002 A_0: 0.9793 l_0: 0.0379 l_0_CE: 0.1436 A_1: 0.9868 l_1: 0.0320 l_1_CE: 0.1311 A_2: 0.9435 l_2: 0.1399 l_2_CE: 0.3694 A_3: 0.9742 l_3: 0.1137 l_3_CE: 0.3048 Overall: 0.9039 time per sample 0.0325 s
[1, 250 1984 0 0.0002] lr: 0.0002 A_0: 0.9804 l_0: 0.0363 l_0_CE: 0.1401 A_1: 0.9859 l_1: 0.0312 l_1_CE: 0.1291 A_2: 0.9428 l_2: 0.1396 l_2_CE: 0.3680 A_3: 0.9739 l_3: 0.1124 l_3_CE: 0.3009 Overall: 0.9036 time per sample 0.0308 s
[1, 300 2384 0 0.0002] lr: 0.0002 A_0: 0.9808 l_0: 0.0388 l_0_CE: 0.1462 A_1: 0.9879 l_1: 0.0298 l_1_CE: 0.1259 A_2: 0.9381 l_2: 0.1436 l_2_CE: 0.3761 A_3: 0.9766 l_3: 0.1088 l_3_CE: 0.2939 Overall: 0.9030 time per sample 0.0320 s
[1, 350 2784 0 0.0002] lr: 0.0002 A_0: 0.9782 l_0: 0.0406 l_0_CE: 0.1507 A_1: 0.9875 l_1: 0.0323 l_1_CE: 0.1326 A_2: 0.9388 l_2: 0.1437 l_2_CE: 0.3769 A_3: 0.9749 l_3: 0.1114 l_3_CE: 0.2994 Overall: 0.8994 time per sample 0.0310 s
[1, 400 3184 0 0.0002] lr: 0.0002 A_0: 0.9774 l_0: 0.0430 l_0_CE: 0.1550 A_1: 0.9865 l_1: 0.0338 l_1_CE: 0.1353 A_2: 0.9361 l_2: 0.1505 l_2_CE: 0.3900 A_3: 0.9753 l_3: 0.1118 l_3_CE: 0.2998 Overall: 0.8963 time per sample 0.0325 s
[1, 450 3584 0 0.0002] lr: 0.0002 A_0: 0.9783 l_0: 0.0416 l_0_CE: 0.1514 A_1: 0.9864 l_1: 0.0331 l_1_CE: 0.1335 A_2: 0.9376 l_2: 0.1479 l_2_CE: 0.3845 A_3: 0.9744 l_3: 0.1167 l_3_CE: 0.3089 Overall: 0.8978 time per sample 0.0329 s
[1, 500 3984 0 0.0002] lr: 0.0002 A_0: 0.9785 l_0: 0.0423 l_0_CE: 0.1531 A_1: 0.9867 l_1: 0.0332 l_1_CE: 0.1344 A_2: 0.9369 l_2: 0.1478 l_2_CE: 0.3838 A_3: 0.9752 l_3: 0.1166 l_3_CE: 0.3089 Overall: 0.8975 time per sample 0.0319 s
[1, 550 4384 0 0.0002] lr: 0.0002 A_0: 0.9784 l_0: 0.0425 l_0_CE: 0.1535 A_1: 0.9872 l_1: 0.0324 l_1_CE: 0.1325 A_2: 0.9328 l_2: 0.1523 l_2_CE: 0.3941 A_3: 0.9754 l_3: 0.1161 l_3_CE: 0.3083 Overall: 0.8937 time per sample 0.0312 s
[1, 600 4784 0 0.0002] lr: 0.0002 A_0: 0.9789 l_0: 0.0417 l_0_CE: 0.1514 A_1: 0.9875 l_1: 0.0325 l_1_CE: 0.1329 A_2: 0.9343 l_2: 0.1506 l_2_CE: 0.3901 A_3: 0.9764 l_3: 0.1157 l_3_CE: 0.3070 Overall: 0.8961 time per sample 0.0316 s
[1, 650 5184 0 0.0002] lr: 0.0002 A_0: 0.9782 l_0: 0.0430 l_0_CE: 0.1549 A_1: 0.9867 l_1: 0.0340 l_1_CE: 0.1365 A_2: 0.9341 l_2: 0.1508 l_2_CE: 0.3905 A_3: 0.9761 l_3: 0.1152 l_3_CE: 0.3067 Overall: 0.8941 time per sample 0.0332 s
[1, 700 5584 0 0.0002] lr: 0.0002 A_0: 0.9778 l_0: 0.0430 l_0_CE: 0.1546 A_1: 0.9866 l_1: 0.0338 l_1_CE: 0.1361 A_2: 0.9342 l_2: 0.1507 l_2_CE: 0.3899 A_3: 0.9760 l_3: 0.1139 l_3_CE: 0.3039 Overall: 0.8936 time per sample 0.0317 s
[1, 750 5984 0 0.0002] lr: 0.0002 A_0: 0.9780 l_0: 0.0427 l_0_CE: 0.1538 A_1: 0.9866 l_1: 0.0342 l_1_CE: 0.1364 A_2: 0.9339 l_2: 0.1494 l_2_CE: 0.3869 A_3: 0.9758 l_3: 0.1165 l_3_CE: 0.3099 Overall: 0.8932 time per sample 0.0317 s
[1, 800 6384 0 0.0002] lr: 0.0002 A_0: 0.9775 l_0: 0.0437 l_0_CE: 0.1561 A_1: 0.9870 l_1: 0.0337 l_1_CE: 0.1353 A_2: 0.9337 l_2: 0.1491 l_2_CE: 0.3862 A_3: 0.9754 l_3: 0.1174 l_3_CE: 0.3117 Overall: 0.8924 time per sample 0.0318 s
[1, 850 6784 0 0.0002] lr: 0.0002 A_0: 0.9778 l_0: 0.0436 l_0_CE: 0.1560 A_1: 0.9870 l_1: 0.0334 l_1_CE: 0.1347 A_2: 0.9352 l_2: 0.1465 l_2_CE: 0.3810 A_3: 0.9760 l_3: 0.1170 l_3_CE: 0.3105 Overall: 0.8946 time per sample 0.0305 s
[1, 900 7184 0 0.0002] lr: 0.0002 A_0: 0.9782 l_0: 0.0431 l_0_CE: 0.1545 A_1: 0.9867 l_1: 0.0333 l_1_CE: 0.1344 A_2: 0.9359 l_2: 0.1449 l_2_CE: 0.3772 A_3: 0.9762 l_3: 0.1149 l_3_CE: 0.3061 Overall: 0.8952 time per sample 0.0326 s
[1, 950 7584 0 0.0002] lr: 0.0002 A_0: 0.9780 l_0: 0.0430 l_0_CE: 0.1540 A_1: 0.9866 l_1: 0.0340 l_1_CE: 0.1355 A_2: 0.9364 l_2: 0.1444 l_2_CE: 0.3762 A_3: 0.9768 l_3: 0.1164 l_3_CE: 0.3091 Overall: 0.8957 time per sample 0.0309 s
[1, 1000 7984 0 0.0002] lr: 0.0002 A_0: 0.9782 l_0: 0.0425 l_0_CE: 0.1530 A_1: 0.9869 l_1: 0.0336 l_1_CE: 0.1347 A_2: 0.9364 l_2: 0.1443 l_2_CE: 0.3761 A_3: 0.9771 l_3: 0.1158 l_3_CE: 0.3074 Overall: 0.8963 time per sample 0.0326 s
[1, 1050 8384 0 0.0002] lr: 0.0002 A_0: 0.9782 l_0: 0.0422 l_0_CE: 0.1523 A_1: 0.9869 l_1: 0.0337 l_1_CE: 0.1348 A_2: 0.9364 l_2: 0.1447 l_2_CE: 0.3767 A_3: 0.9770 l_3: 0.1172 l_3_CE: 0.3104 Overall: 0.8960 time per sample 0.0324 s
[1, 1100 8784 0 0.0002] lr: 0.0002 A_0: 0.9777 l_0: 0.0426 l_0_CE: 0.1533 A_1: 0.9867 l_1: 0.0339 l_1_CE: 0.1353 A_2: 0.9353 l_2: 0.1453 l_2_CE: 0.3779 A_3: 0.9768 l_3: 0.1176 l_3_CE: 0.3112 Overall: 0.8946 time per sample 0.0324 s
[1, 1150 9184 0 0.0002] lr: 0.0002 A_0: 0.9779 l_0: 0.0425 l_0_CE: 0.1531 A_1: 0.9864 l_1: 0.0340 l_1_CE: 0.1356 A_2: 0.9355 l_2: 0.1457 l_2_CE: 0.3787 A_3: 0.9769 l_3: 0.1177 l_3_CE: 0.3113 Overall: 0.8947 time per sample 0.0306 s
[1, 1200 9584 0 0.0002] lr: 0.0002 A_0: 0.9779 l_0: 0.0423 l_0_CE: 0.1529 A_1: 0.9858 l_1: 0.0353 l_1_CE: 0.1384 A_2: 0.9340 l_2: 0.1468 l_2_CE: 0.3811 A_3: 0.9771 l_3: 0.1178 l_3_CE: 0.3118 Overall: 0.8932 time per sample 0.0330 s
[1, 1250 9984 0 0.0002] lr: 0.0002 A_0: 0.9779 l_0: 0.0421 l_0_CE: 0.1523 A_1: 0.9858 l_1: 0.0352 l_1_CE: 0.1381 A_2: 0.9330 l_2: 0.1477 l_2_CE: 0.3825 A_3: 0.9772 l_3: 0.1183 l_3_CE: 0.3125 Overall: 0.8926 time per sample 0.0334 s
[1, 1300 10384 0 0.0002] lr: 0.0002 A_0: 0.9777 l_0: 0.0421 l_0_CE: 0.1521 A_1: 0.9860 l_1: 0.0349 l_1_CE: 0.1373 A_2: 0.9334 l_2: 0.1470 l_2_CE: 0.3809 A_3: 0.9773 l_3: 0.1181 l_3_CE: 0.3120 Overall: 0.8929 time per sample 0.0312 s
[1, 1350 10784 0 0.0002] lr: 0.0002 A_0: 0.9778 l_0: 0.0422 l_0_CE: 0.1523 A_1: 0.9862 l_1: 0.0348 l_1_CE: 0.1370 A_2: 0.9334 l_2: 0.1466 l_2_CE: 0.3803 A_3: 0.9769 l_3: 0.1186 l_3_CE: 0.3129 Overall: 0.8933 time per sample 0.0310 s
[1, 1400 11184 0 0.0002] lr: 0.0002 A_0: 0.9779 l_0: 0.0417 l_0_CE: 0.1512 A_1: 0.9866 l_1: 0.0342 l_1_CE: 0.1360 A_2: 0.9329 l_2: 0.1475 l_2_CE: 0.3818 A_3: 0.9774 l_3: 0.1186 l_3_CE: 0.3128 Overall: 0.8934 time per sample 0.0293 s
[1, 1450 11584 0 0.0002] lr: 0.0002 A_0: 0.9781 l_0: 0.0416 l_0_CE: 0.1508 A_1: 0.9863 l_1: 0.0346 l_1_CE: 0.1369 A_2: 0.9324 l_2: 0.1478 l_2_CE: 0.3826 A_3: 0.9776 l_3: 0.1199 l_3_CE: 0.3153 Overall: 0.8926 time per sample 0.0321 s
[1, 1500 11984 0 0.0002] lr: 0.0002 A_0: 0.9780 l_0: 0.0419 l_0_CE: 0.1514 A_1: 0.9862 l_1: 0.0344 l_1_CE: 0.1361 A_2: 0.9325 l_2: 0.1476 l_2_CE: 0.3823 A_3: 0.9778 l_3: 0.1201 l_3_CE: 0.3154 Overall: 0.8927 time per sample 0.0315 s
[1, 1550 12384 0 0.0002] lr: 0.0002 A_0: 0.9783 l_0: 0.0414 l_0_CE: 0.1504 A_1: 0.9860 l_1: 0.0343 l_1_CE: 0.1361 A_2: 0.9329 l_2: 0.1471 l_2_CE: 0.3810 A_3: 0.9778 l_3: 0.1203 l_3_CE: 0.3158 Overall: 0.8931 time per sample 0.0326 s
[1, 1600 12784 0 0.0002] lr: 0.0002 A_0: 0.9783 l_0: 0.0415 l_0_CE: 0.1507 A_1: 0.9859 l_1: 0.0342 l_1_CE: 0.1360 A_2: 0.9330 l_2: 0.1463 l_2_CE: 0.3795 A_3: 0.9780 l_3: 0.1204 l_3_CE: 0.3158 Overall: 0.8932 time per sample 0.0317 s
[1, 1650 13184 0 0.0002] lr: 0.0002 A_0: 0.9783 l_0: 0.0418 l_0_CE: 0.1513 A_1: 0.9858 l_1: 0.0339 l_1_CE: 0.1355 A_2: 0.9327 l_2: 0.1472 l_2_CE: 0.3817 A_3: 0.9779 l_3: 0.1191 l_3_CE: 0.3129 Overall: 0.8930 time per sample 0.0310 s
[1, 1700 13584 0 0.0002] lr: 0.0002 A_0: 0.9782 l_0: 0.0419 l_0_CE: 0.1517 A_1: 0.9857 l_1: 0.0339 l_1_CE: 0.1356 A_2: 0.9321 l_2: 0.1481 l_2_CE: 0.3838 A_3: 0.9779 l_3: 0.1193 l_3_CE: 0.3134 Overall: 0.8921 time per sample 0.0316 s
[1, 1750 13984 0 0.0002] lr: 0.0002 A_0: 0.9786 l_0: 0.0416 l_0_CE: 0.1507 A_1: 0.9858 l_1: 0.0339 l_1_CE: 0.1352 A_2: 0.9325 l_2: 0.1474 l_2_CE: 0.3819 A_3: 0.9783 l_3: 0.1185 l_3_CE: 0.3116 Overall: 0.8932 time per sample 0.0316 s
[1, 1800 14384 0 0.0002] lr: 0.0002 A_0: 0.9781 l_0: 0.0418 l_0_CE: 0.1511 A_1: 0.9859 l_1: 0.0339 l_1_CE: 0.1352 A_2: 0.9332 l_2: 0.1467 l_2_CE: 0.3804 A_3: 0.9787 l_3: 0.1189 l_3_CE: 0.3123 Overall: 0.8936 time per sample 0.0315 s
[1, 1850 14784 0 0.0002] lr: 0.0002 A_0: 0.9780 l_0: 0.0420 l_0_CE: 0.1516 A_1: 0.9859 l_1: 0.0340 l_1_CE: 0.1354 A_2: 0.9331 l_2: 0.1466 l_2_CE: 0.3799 A_3: 0.9784 l_3: 0.1192 l_3_CE: 0.3129 Overall: 0.8935 time per sample 0.0315 s
[1, 1900 15184 0 0.0002] lr: 0.0002 A_0: 0.9778 l_0: 0.0420 l_0_CE: 0.1517 A_1: 0.9857 l_1: 0.0343 l_1_CE: 0.1361 A_2: 0.9327 l_2: 0.1465 l_2_CE: 0.3797 A_3: 0.9781 l_3: 0.1193 l_3_CE: 0.3131 Overall: 0.8928 time per sample 0.0330 s
[1, 1950 15584 0 0.0002] lr: 0.0002 A_0: 0.9779 l_0: 0.0419 l_0_CE: 0.1515 A_1: 0.9857 l_1: 0.0343 l_1_CE: 0.1362 A_2: 0.9323 l_2: 0.1470 l_2_CE: 0.3809 A_3: 0.9781 l_3: 0.1197 l_3_CE: 0.3139 Overall: 0.8926 time per sample 0.0340 s
[1, 2000 15984 0 0.0002] lr: 0.0002 A_0: 0.9776 l_0: 0.0423 l_0_CE: 0.1523 A_1: 0.9858 l_1: 0.0342 l_1_CE: 0.1360 A_2: 0.9326 l_2: 0.1465 l_2_CE: 0.3799 A_3: 0.9784 l_3: 0.1192 l_3_CE: 0.3129 Overall: 0.8930 time per sample 0.0315 s
[1, 2050 16384 0 0.0002] lr: 0.0002 A_0: 0.9777 l_0: 0.0422 l_0_CE: 0.1523 A_1: 0.9859 l_1: 0.0340 l_1_CE: 0.1356 A_2: 0.9323 l_2: 0.1466 l_2_CE: 0.3802 A_3: 0.9787 l_3: 0.1192 l_3_CE: 0.3128 Overall: 0.8930 time per sample 0.0314 s
[1, 2100 16784 0 0.0002] lr: 0.0002 A_0: 0.9778 l_0: 0.0423 l_0_CE: 0.1523 A_1: 0.9859 l_1: 0.0341 l_1_CE: 0.1358 A_2: 0.9322 l_2: 0.1472 l_2_CE: 0.3816 A_3: 0.9786 l_3: 0.1193 l_3_CE: 0.3131 Overall: 0.8929 time per sample 0.0309 s
[1, 2150 17184 0 0.0002] lr: 0.0002 A_0: 0.9777 l_0: 0.0424 l_0_CE: 0.1527 A_1: 0.9860 l_1: 0.0342 l_1_CE: 0.1360 A_2: 0.9321 l_2: 0.1474 l_2_CE: 0.3820 A_3: 0.9785 l_3: 0.1201 l_3_CE: 0.3145 Overall: 0.8927 time per sample 0.0327 s
[1, 2200 17584 0 0.0002] lr: 0.0002 A_0: 0.9775 l_0: 0.0426 l_0_CE: 0.1529 A_1: 0.9860 l_1: 0.0342 l_1_CE: 0.1358 A_2: 0.9321 l_2: 0.1473 l_2_CE: 0.3818 A_3: 0.9785 l_3: 0.1208 l_3_CE: 0.3161 Overall: 0.8926 time per sample 0.0302 s
[1, 2250 17984 0 0.0002] lr: 0.0002 A_0: 0.9775 l_0: 0.0425 l_0_CE: 0.1527 A_1: 0.9862 l_1: 0.0340 l_1_CE: 0.1354 A_2: 0.9322 l_2: 0.1474 l_2_CE: 0.3820 A_3: 0.9785 l_3: 0.1211 l_3_CE: 0.3166 Overall: 0.8928 time per sample 0.0327 s
[1, 2300 18384 0 0.0002] lr: 0.0002 A_0: 0.9775 l_0: 0.0425 l_0_CE: 0.1527 A_1: 0.9862 l_1: 0.0338 l_1_CE: 0.1352 A_2: 0.9323 l_2: 0.1466 l_2_CE: 0.3802 A_3: 0.9787 l_3: 0.1209 l_3_CE: 0.3162 Overall: 0.8932 time per sample 0.0318 s
[1, 2350 18784 0 0.0002] lr: 0.0002 A_0: 0.9777 l_0: 0.0425 l_0_CE: 0.1530 A_1: 0.9860 l_1: 0.0344 l_1_CE: 0.1364 A_2: 0.9324 l_2: 0.1463 l_2_CE: 0.3795 A_3: 0.9787 l_3: 0.1207 l_3_CE: 0.3157 Overall: 0.8931 time per sample 0.0331 s
[1, 2400 19184 0 0.0002] lr: 0.0002 A_0: 0.9774 l_0: 0.0426 l_0_CE: 0.1534 A_1: 0.9857 l_1: 0.0345 l_1_CE: 0.1368 A_2: 0.9321 l_2: 0.1465 l_2_CE: 0.3797 A_3: 0.9785 l_3: 0.1211 l_3_CE: 0.3168 Overall: 0.8922 time per sample 0.0328 s
[1, 2450 19584 0 0.0002] lr: 0.0002 A_0: 0.9771 l_0: 0.0428 l_0_CE: 0.1540 A_1: 0.9859 l_1: 0.0343 l_1_CE: 0.1365 A_2: 0.9315 l_2: 0.1468 l_2_CE: 0.3800 A_3: 0.9782 l_3: 0.1218 l_3_CE: 0.3182 Overall: 0.8915 time per sample 0.0340 s
[1, 2500 19984 0 0.0002] lr: 0.0002 A_0: 0.9772 l_0: 0.0428 l_0_CE: 0.1539 A_1: 0.9859 l_1: 0.0343 l_1_CE: 0.1364 A_2: 0.9315 l_2: 0.1465 l_2_CE: 0.3797 A_3: 0.9784 l_3: 0.1209 l_3_CE: 0.3161 Overall: 0.8918 time per sample 0.0329 s
[1, 2550 20384 0 0.0002] lr: 0.0002 A_0: 0.9773 l_0: 0.0425 l_0_CE: 0.1531 A_1: 0.9860 l_1: 0.0342 l_1_CE: 0.1361 A_2: 0.9315 l_2: 0.1466 l_2_CE: 0.3800 A_3: 0.9782 l_3: 0.1208 l_3_CE: 0.3157 Overall: 0.8919 time per sample 0.0316 s
[1, 2600 20784 0 0.0002] lr: 0.0002 A_0: 0.9774 l_0: 0.0424 l_0_CE: 0.1529 A_1: 0.9861 l_1: 0.0340 l_1_CE: 0.1355 A_2: 0.9319 l_2: 0.1461 l_2_CE: 0.3790 A_3: 0.9783 l_3: 0.1211 l_3_CE: 0.3163 Overall: 0.8924 time per sample 0.0328 s
[1, 2650 21184 0 0.0002] lr: 0.0002 A_0: 0.9772 l_0: 0.0430 l_0_CE: 0.1540 A_1: 0.9863 l_1: 0.0340 l_1_CE: 0.1353 A_2: 0.9321 l_2: 0.1457 l_2_CE: 0.3779 A_3: 0.9783 l_3: 0.1209 l_3_CE: 0.3159 Overall: 0.8926 time per sample 0.0328 s
[1, 2700 21584 0 0.0002] lr: 0.0002 A_0: 0.9775 l_0: 0.0426 l_0_CE: 0.1530 A_1: 0.9862 l_1: 0.0342 l_1_CE: 0.1355 A_2: 0.9323 l_2: 0.1450 l_2_CE: 0.3762 A_3: 0.9785 l_3: 0.1209 l_3_CE: 0.3158 Overall: 0.8931 time per sample 0.0321 s
[1, 2750 21984 0 0.0002] lr: 0.0002 A_0: 0.9775 l_0: 0.0428 l_0_CE: 0.1537 A_1: 0.9860 l_1: 0.0344 l_1_CE: 0.1361 A_2: 0.9322 l_2: 0.1448 l_2_CE: 0.3761 A_3: 0.9786 l_3: 0.1212 l_3_CE: 0.3165 Overall: 0.8929 time per sample 0.0334 s
[1, 2800 22384 0 0.0002] lr: 0.0002 A_0: 0.9774 l_0: 0.0429 l_0_CE: 0.1539 A_1: 0.9862 l_1: 0.0344 l_1_CE: 0.1362 A_2: 0.9323 l_2: 0.1448 l_2_CE: 0.3759 A_3: 0.9787 l_3: 0.1207 l_3_CE: 0.3152 Overall: 0.8930 time per sample 0.0320 s
[1, 2850 22784 0 0.0002] lr: 0.0002 A_0: 0.9775 l_0: 0.0428 l_0_CE: 0.1538 A_1: 0.9860 l_1: 0.0345 l_1_CE: 0.1365 A_2: 0.9319 l_2: 0.1452 l_2_CE: 0.3766 A_3: 0.9789 l_3: 0.1205 l_3_CE: 0.3150 Overall: 0.8926 time per sample 0.0321 s
[1, 2900 23184 0 0.0002] lr: 0.0002 A_0: 0.9775 l_0: 0.0429 l_0_CE: 0.1538 A_1: 0.9861 l_1: 0.0347 l_1_CE: 0.1369 A_2: 0.9319 l_2: 0.1449 l_2_CE: 0.3759 A_3: 0.9788 l_3: 0.1209 l_3_CE: 0.3156 Overall: 0.8926 time per sample 0.0313 s
[1, 2950 23584 0 0.0002] lr: 0.0002 A_0: 0.9774 l_0: 0.0429 l_0_CE: 0.1538 A_1: 0.9860 l_1: 0.0347 l_1_CE: 0.1368 A_2: 0.9317 l_2: 0.1449 l_2_CE: 0.3759 A_3: 0.9788 l_3: 0.1216 l_3_CE: 0.3170 Overall: 0.8923 time per sample 0.0326 s